{
  "RSpec": {
    "coverage": {
      "/Users/Micah/projects/marios_food/marios_food/spec/features/add_product_pages_spec.rb": {
        "lines": [
          1,
          null,
          1,
          1,
          1,
          1,
          1,
          1,
          1,
          1,
          1,
          0,
          0,
          0,
          0,
          0,
          null,
          null,
          1,
          1,
          1,
          1,
          1,
          1,
          1,
          0,
          null,
          null
        ]
      },
      "/Users/Micah/projects/marios_food/marios_food/spec/rails_helper.rb": {
        "lines": [
          null,
          1,
          1,
          1,
          null,
          1,
          1,
          1,
          null,
          null,
          null,
          null,
          null,
          null,
          null,
          null,
          null,
          null,
          null,
          null,
          null,
          null,
          null,
          null,
          null,
          null,
          null,
          null,
          1,
          null,
          0,
          0,
          null,
          1,
          null,
          1,
          null,
          null,
          null,
          null,
          1,
          null,
          null,
          null,
          null,
          null,
          null,
          null,
          null,
          null,
          null,
          null,
          null,
          null,
          null,
          null,
          null,
          null,
          1,
          null,
          null,
          1,
          null,
          null,
          null,
          null,
          1,
          1,
          1,
          1,
          null,
          null
        ]
      },
      "/Users/Micah/projects/marios_food/marios_food/config/environment.rb": {
        "lines": [
          null,
          1,
          null,
          null,
          1
        ]
      },
      "/Users/Micah/projects/marios_food/marios_food/config/application.rb": {
        "lines": [
          1,
          null,
          1,
          null,
          1,
          1,
          1,
          1,
          1,
          1,
          1,
          1,
          1,
          null,
          null,
          null,
          null,
          1,
          null,
          1,
          1,
          null,
          1,
          null,
          null,
          null,
          null,
          null,
          null,
          null,
          1,
          null,
          null
        ]
      },
      "/Users/Micah/projects/marios_food/marios_food/config/boot.rb": {
        "lines": [
          1,
          null,
          1,
          1
        ]
      },
      "/Users/Micah/projects/marios_food/marios_food/config/environments/test.rb": {
        "lines": [
          1,
          null,
          null,
          null,
          null,
          null,
          null,
          1,
          null,
          null,
          null,
          null,
          1,
          null,
          null,
          1,
          1,
          null,
          null,
          null,
          null,
          1,
          1,
          null,
          null,
          1,
          null,
          null,
          1,
          null,
          null,
          1,
          null,
          1,
          null,
          null,
          null,
          null,
          1,
          null,
          null,
          1,
          null,
          null,
          null,
          null
        ]
      },
      "/Users/Micah/projects/marios_food/marios_food/config/initializers/application_controller_renderer.rb": {
        "lines": [
          null,
          null,
          null,
          null,
          null,
          null,
          null,
          null
        ]
      },
      "/Users/Micah/projects/marios_food/marios_food/config/initializers/assets.rb": {
        "lines": [
          null,
          null,
          null,
          1,
          null,
          null,
          null,
          null,
          1,
          null,
          null,
          null,
          null,
          null
        ]
      },
      "/Users/Micah/projects/marios_food/marios_food/config/initializers/backtrace_silencers.rb": {
        "lines": [
          null,
          null,
          null,
          null,
          null,
          null,
          null
        ]
      },
      "/Users/Micah/projects/marios_food/marios_food/config/initializers/content_security_policy.rb": {
        "lines": [
          null,
          null,
          null,
          null,
          null,
          null,
          null,
          null,
          null,
          null,
          null,
          null,
          null,
          null,
          null,
          null,
          null,
          null,
          null,
          null,
          null,
          null,
          null,
          null,
          null
        ]
      },
      "/Users/Micah/projects/marios_food/marios_food/config/initializers/cookies_serializer.rb": {
        "lines": [
          null,
          null,
          null,
          null,
          1
        ]
      },
      "/Users/Micah/projects/marios_food/marios_food/config/initializers/filter_parameter_logging.rb": {
        "lines": [
          null,
          null,
          null,
          1
        ]
      },
      "/Users/Micah/projects/marios_food/marios_food/config/initializers/inflections.rb": {
        "lines": [
          null,
          null,
          null,
          null,
          null,
          null,
          null,
          null,
          null,
          null,
          null,
          null,
          null,
          null,
          null,
          null
        ]
      },
      "/Users/Micah/projects/marios_food/marios_food/config/initializers/kaminari_config.rb": {
        "lines": [
          null,
          null,
          1,
          null,
          null,
          null,
          null,
          null,
          null,
          null,
          null,
          null,
          null,
          null
        ]
      },
      "/Users/Micah/projects/marios_food/marios_food/config/initializers/mime_types.rb": {
        "lines": [
          null,
          null,
          null,
          null
        ]
      },
      "/Users/Micah/projects/marios_food/marios_food/config/initializers/wrap_parameters.rb": {
        "lines": [
          null,
          null,
          null,
          null,
          null,
          null,
          1,
          2,
          null,
          null,
          null,
          null,
          null,
          null
        ]
      },
      "/Users/Micah/projects/marios_food/marios_food/app/channels/application_cable/channel.rb": {
        "lines": [
          1,
          1,
          null,
          null
        ]
      },
      "/Users/Micah/projects/marios_food/marios_food/app/channels/application_cable/connection.rb": {
        "lines": [
          1,
          1,
          null,
          null
        ]
      },
      "/Users/Micah/projects/marios_food/marios_food/app/controllers/application_controller.rb": {
        "lines": [
          1,
          1,
          1,
          null,
          1,
          9,
          0,
          null,
          null,
          null,
          1,
          0,
          0,
          0,
          null,
          null,
          null,
          1,
          0,
          0,
          0,
          null,
          null,
          null,
          1,
          2,
          2,
          2,
          null,
          null,
          null
        ]
      },
      "/Users/Micah/projects/marios_food/marios_food/app/helpers/application_helper.rb": {
        "lines": [
          1,
          null
        ]
      },
      "/Users/Micah/projects/marios_food/marios_food/app/controllers/products_controller.rb": {
        "lines": [
          1,
          1,
          null,
          1,
          1,
          1,
          0,
          0,
          null,
          1,
          null,
          1,
          null,
          null,
          1,
          0,
          0,
          null,
          null,
          1,
          0,
          0,
          0,
          0,
          null,
          0,
          null,
          null,
          null,
          1,
          0,
          0,
          null,
          null,
          1,
          0,
          0,
          null,
          null,
          1,
          0,
          0,
          0,
          0,
          null,
          0,
          null,
          null,
          null,
          1,
          0,
          0,
          0,
          0,
          null,
          null,
          1,
          1,
          0,
          null,
          null
        ]
      },
      "/Users/Micah/projects/marios_food/marios_food/app/controllers/reviews_controller.rb": {
        "lines": [
          1,
          1,
          1,
          null,
          1,
          0,
          0,
          0,
          null,
          null,
          1,
          0,
          0,
          0,
          0,
          0,
          null,
          0,
          null,
          null,
          null,
          1,
          0,
          0,
          0,
          null,
          null,
          1,
          0,
          0,
          0,
          null,
          null,
          1,
          0,
          0,
          0,
          0,
          null,
          0,
          0,
          null,
          null,
          null,
          1,
          0,
          0,
          0,
          0,
          null,
          null,
          1,
          1,
          0,
          null,
          null
        ]
      },
      "/Users/Micah/projects/marios_food/marios_food/app/controllers/sessions_controller.rb": {
        "lines": [
          1,
          1,
          2,
          2,
          0,
          0,
          0,
          null,
          2,
          2,
          null,
          null,
          null,
          1,
          0,
          0,
          0,
          null,
          null
        ]
      },
      "/Users/Micah/projects/marios_food/marios_food/app/controllers/static_pages_controller.rb": {
        "lines": [
          1,
          1,
          0,
          0,
          0,
          0,
          null,
          null
        ]
      },
      "/Users/Micah/projects/marios_food/marios_food/app/controllers/users_controller.rb": {
        "lines": [
          1,
          1,
          0,
          null,
          null,
          1,
          0,
          0,
          0,
          0,
          0,
          null,
          0,
          0,
          null,
          null,
          null,
          1,
          1,
          0,
          null,
          null
        ]
      },
      "/Users/Micah/projects/marios_food/marios_food/app/jobs/application_job.rb": {
        "lines": [
          1,
          null
        ]
      },
      "/Users/Micah/projects/marios_food/marios_food/app/mailers/application_mailer.rb": {
        "lines": [
          1,
          1,
          1,
          null
        ]
      },
      "/Users/Micah/projects/marios_food/marios_food/app/models/application_record.rb": {
        "lines": [
          1,
          1,
          null
        ]
      },
      "/Users/Micah/projects/marios_food/marios_food/app/models/product.rb": {
        "lines": [
          1,
          1,
          1,
          1,
          1,
          1,
          1,
          1,
          null,
          1,
          0,
          null,
          null,
          null,
          null,
          null,
          1,
          1,
          1,
          null,
          1,
          null,
          1,
          null,
          1,
          1,
          1,
          1,
          null,
          null
        ]
      },
      "/Users/Micah/projects/marios_food/marios_food/app/models/review.rb": {
        "lines": [
          1,
          1,
          1,
          1,
          1,
          1,
          1,
          1,
          null,
          null,
          null
        ]
      },
      "/Users/Micah/projects/marios_food/marios_food/app/models/user.rb": {
        "lines": [
          1,
          1,
          null,
          1,
          null,
          null,
          null,
          null,
          null,
          null,
          null,
          1,
          1,
          1,
          1,
          1,
          null,
          1,
          0,
          0,
          null,
          null,
          1,
          2,
          0,
          null,
          2,
          null,
          2,
          0,
          null,
          null,
          null,
          null,
          null
        ]
      },
      "/Users/Micah/projects/marios_food/marios_food/config/routes.rb": {
        "lines": [
          1,
          1,
          1,
          1,
          null,
          1,
          1,
          1,
          1,
          1,
          1,
          null
        ]
      },
      "/Users/Micah/projects/marios_food/marios_food/spec/features/add_review_pages_spec.rb": {
        "lines": [
          null,
          null,
          null,
          null,
          null,
          null,
          null,
          null,
          null,
          null,
          null,
          null,
          null,
          null,
          null,
          null,
          null,
          null,
          null,
          null,
          null,
          null
        ]
      },
      "/Users/Micah/projects/marios_food/marios_food/spec/features/add_user_pages_spec.rb": {
        "lines": [
          null,
          null,
          null,
          null,
          null,
          null,
          null,
          null,
          null,
          null,
          null,
          null,
          null,
          null,
          null,
          null,
          null,
          null,
          null,
          null
        ]
      },
      "/Users/Micah/projects/marios_food/marios_food/spec/features/delete_product_pages_spec.rb": {
        "lines": [
          null,
          null,
          null,
          null,
          null,
          null,
          null,
          null,
          null,
          null,
          null
        ]
      },
      "/Users/Micah/projects/marios_food/marios_food/spec/features/delete_review_pages_spec.rb": {
        "lines": [
          null,
          null,
          null,
          null,
          null,
          null,
          null,
          null,
          null,
          null,
          null,
          null
        ]
      },
      "/Users/Micah/projects/marios_food/marios_food/spec/features/search_product_pages_spec.rb": {
        "lines": [
          null,
          null,
          null,
          null,
          null,
          null,
          null,
          null,
          null,
          null,
          null,
          null,
          null,
          null,
          null,
          null,
          null,
          null,
          null,
          null,
          null
        ]
      },
      "/Users/Micah/projects/marios_food/marios_food/spec/features/signin_user_pages_spec.rb": {
        "lines": [
          null,
          null,
          null,
          null,
          null,
          null,
          null,
          null,
          null,
          null,
          null,
          null,
          null,
          null,
          null,
          null,
          null,
          null,
          null
        ]
      },
      "/Users/Micah/projects/marios_food/marios_food/spec/features/update_product_pages_spec.rb": {
        "lines": [
          null,
          null,
          null,
          null,
          null,
          null,
          null,
          null,
          null,
          null,
          null,
          null,
          null,
          null,
          null,
          null,
          null,
          null,
          null,
          null,
          null,
          null,
          null,
          null,
          null
        ]
      },
      "/Users/Micah/projects/marios_food/marios_food/spec/features/update_review_pages_spec.rb": {
        "lines": [
          null,
          null,
          null,
          null,
          null,
          null,
          null,
          null,
          null,
          null,
          null,
          null,
          null,
          null,
          null,
          null,
          null,
          null,
          null,
          null,
          null,
          null,
          null,
          null,
          null,
          null,
          null
        ]
      },
      "/Users/Micah/projects/marios_food/marios_food/spec/models/product_spec.rb": {
        "lines": [
          1,
          null,
          1,
          1,
          2,
          null,
          null,
          1,
          2,
          2,
          2,
          2,
          2,
          2,
          null,
          null,
          1,
          1,
          1,
          1,
          null,
          null,
          null
        ]
      },
      "/Users/Micah/projects/marios_food/marios_food/spec/models/review_spec.rb": {
        "lines": [
          1,
          null,
          1,
          1,
          2,
          null,
          null,
          1,
          2,
          2,
          2,
          2,
          2,
          1,
          1,
          null,
          null,
          null,
          null,
          null,
          null
        ]
      }
    },
    "timestamp": 1616798347
  }
}
